log for test_96_v02
2025-01-29 21:34:51,389 - __main__ - INFO - лог скачен пользователем 7080566621
2025-01-30 13:08:17,746 - __main__ - ERROR - Ошибка обработчика любых сообщений - name 'remove_limit' is not defined
2025-01-30 13:17:00,552 - __main__ - INFO - Скрипт запущен
2025-01-30 13:29:47,036 - __main__ - INFO - Скрипт запущен
2025-01-30 13:32:24,546 - __main__ - ERROR - Ошибка обработчика любых сообщений - name 'sender_name' is not defined
2025-01-30 13:33:19,491 - __main__ - INFO - Скрипт запущен
2025-01-30 23:51:41,984 - __main__ - INFO - Скрипт запущен
2025-01-31 00:00:33,938 - __main__ - ERROR - Ошибка обработчика любых сообщений - 'NoneType' object has no attribute 'file_name'
2025-01-31 00:04:04,385 - __main__ - ERROR - Ошибка обработчика любых сообщений - 'NoneType' object has no attribute 'file_name'
2025-01-31 00:04:17,183 - __main__ - ERROR - Ошибка обработчика любых сообщений - 'NoneType' object has no attribute 'file_name'
2025-01-31 00:05:38,624 - __main__ - INFO - Скрипт запущен
2025-01-31 00:05:56,468 - __main__ - ERROR - Ошибка обработчика любых сообщений - 'NoneType' object has no attribute 'file_name'
2025-01-31 00:09:25,101 - __main__ - INFO - Скрипт запущен
2025-01-31 00:10:01,168 - __main__ - INFO - config скачен пользователем 7080566621
2025-01-31 00:10:13,548 - __main__ - INFO - alexandr_servionica, (7080566621), поменял файл настроек
2025-01-31 00:10:13,721 - __main__ - INFO - config.ini заменён пользователем 7080566621
2025-01-31 00:10:19,826 - __main__ - INFO - alexandr_servionica, (7080566621), поменял файл настроек
2025-01-31 00:10:20,014 - __main__ - INFO - config.ini заменён пользователем 7080566621
2025-01-31 00:13:01,092 - __main__ - INFO - Скрипт запущен
2025-01-31 00:21:23,403 - __main__ - INFO - alexandr_servionica, (7080566621), поменял файл настроек
2025-01-31 00:21:23,697 - __main__ - INFO - config.ini заменён пользователем 7080566621
2025-01-31 00:24:06,482 - __main__ - INFO - Скрипт запущен
